<?xml version="1.0" encoding="UTF-8"?>
<testsuite name="webencoder.storage.S3StorageServiceTests" time="53.15" tests="7" errors="1" skipped="0" failures="0">
  <properties>
[...]
</properties>
  <testcase name="testgetKey" classname="webencoder.storage.S3StorageServiceTests" time="2.414"/>
  <testcase name="testStore" classname="webencoder.storage.S3StorageServiceTests" time="47.005">
    <error message="Your socket connection to the server was not read from or written to within the timeout period. Idle connections will be closed. (Service: Amazon S3; Status Code: 400; Error Code: RequestTimeout; Request ID: 38758F421130EEE8)" type="com.amazonaws.services.s3.model.AmazonS3Exception">com.amazonaws.services.s3.model.AmazonS3Exception: Your socket connection to the server was not read from or written to within the timeout period. Idle connections will be closed. (Service: Amazon S3; Status Code: 400; Error Code: RequestTimeout; Request ID: 38758F421130EEE8)
	at com.amazonaws.http.AmazonHttpClient.handleErrorResponse(AmazonHttpClient.java:1071)
	at com.amazonaws.http.AmazonHttpClient.executeOneRequest(AmazonHttpClient.java:719)
	at com.amazonaws.http.AmazonHttpClient.executeHelper(AmazonHttpClient.java:454)
	at com.amazonaws.http.AmazonHttpClient.execute(AmazonHttpClient.java:294)
	at com.amazonaws.services.s3.AmazonS3Client.invoke(AmazonS3Client.java:3658)
	at com.amazonaws.services.s3.AmazonS3Client.putObject(AmazonS3Client.java:1425)
	at webencoder.storage.S3StorageService.store(S3StorageService.java:90)
	at webencoder.storage.S3StorageServiceTests.testStore(S3StorageServiceTests.java:101)
</error>
    <system-out><![CDATA[**************************************
test_ouput/test.txt
2018-08-26 19:15:21.714  WARN note-julio --- [           main] c.a.s.s.AmazonS3Client                   : No content length specified for stream data.  Stream contents will be buffered in memory and could result in out of memory errors.
2018-08-26 19:15:25.581  WARN note-julio --- [           main] c.a.s.s.AmazonS3Client                   : Attempting to re-send the request to videocvrt.s3-external-1.amazonaws.com with AWS V4 authentication. To avoid this warning in the future, please use region-specific endpoint to access buckets located in regions that require V4 signing.
]]></system-out>
  </testcase>
  <testcase name="testLoad" classname="webencoder.storage.S3StorageServiceTests" time="3.696"/>
  <testcase name="testPath" classname="webencoder.storage.S3StorageServiceTests" time="0.004"/>
  <testcase name="testgetPrivateKey" classname="webencoder.storage.S3StorageServiceTests" time="0.005"/>
  <testcase name="testsetKeyNull" classname="webencoder.storage.S3StorageServiceTests" time="0.016"/>
  <testcase name="testsetPrivateKeyNull" classname="webencoder.storage.S3StorageServiceTests" time="0.01"/>
</testsuite>